<?xml version="1.0" encoding="UTF-8"?>
<!-- Generated by org.testng.reporters.JUnitReportReporter -->
<testsuite skipped="0" hostname="user-PC" name="com.crm.qa.Test.HomepageTest" tests="1" failures="0" timestamp="08 Jun 2018 08:12:57 GMT" time="21.789" errors="0">
  <testcase name="Verify_HomePageTitle_Test" time="21.789" classname="com.crm.qa.Test.HomepageTest"/>
</testsuite> <!-- com.crm.qa.Test.HomepageTest -->
