<?xml version="1.0" encoding="UTF-8"?>
<!-- Generated by org.testng.reporters.JUnitReportReporter -->
<testsuite skipped="0" hostname="user-PC" name="com.crm.qa.Test.ContactpageTest" tests="1" failures="0" timestamp="08 Jun 2018 08:12:57 GMT" time="24.876" errors="0">
  <testcase name="verify_Contactslabel_contactpageTest" time="24.876" classname="com.crm.qa.Test.ContactpageTest"/>
</testsuite> <!-- com.crm.qa.Test.ContactpageTest -->
