<?xml version="1.0" encoding="UTF-8"?>
<!-- Generated by org.testng.reporters.JUnitReportReporter -->
<testsuite skipped="0" hostname="user-PC" name="com.crm.qa.Test.LoginpageTest" tests="2" failures="0" timestamp="08 Jun 2018 08:12:57 GMT" time="35.058" errors="0">
  <testcase name="Verify_loginTest" time="22.385" classname="com.crm.qa.Test.LoginpageTest"/>
  <testcase name="Verify_Loginpage_titleTest" time="12.673" classname="com.crm.qa.Test.LoginpageTest"/>
</testsuite> <!-- com.crm.qa.Test.LoginpageTest -->
